<?xml version="1.0" encoding="UTF-8"?>
<!-- Generated by org.testng.reporters.JUnitReportReporter -->
<testsuite skipped="0" hostname="EPBYMINW2898" name="com.atm.modulefive.webdriver.basics.runner.VoloTeaDemo" tests="3" failures="0" timestamp="07 Jun 2017 08:15:20 GMT" time="21.797" errors="0">
  <testcase name="SearchFlights" time="17.517" classname="com.atm.modulefive.webdriver.basics.runner.VoloTeaDemo"/>
  <testcase name="FlightInformation" time="0.294" classname="com.atm.modulefive.webdriver.basics.runner.VoloTeaDemo"/>
  <testcase name="VoloTeaSignIn" time="3.986" classname="com.atm.modulefive.webdriver.basics.runner.VoloTeaDemo"/>
</testsuite> <!-- com.atm.modulefive.webdriver.basics.runner.VoloTeaDemo -->
