<?xml version="1.0" encoding="UTF-8"?>
<!-- Generated by org.testng.reporters.JUnitReportReporter -->
<testsuite skipped="0" hostname="EPINHYDW0086" name="com.atm.modulefive.webdriver.advanced.test.VoloTeaTest" tests="2" failures="0" timestamp="13 Jun 2017 11:13:57 GMT" time="19.825" errors="0">
  <testcase name="EnterOriginReturnDetails" time="10.150" classname="com.atm.modulefive.webdriver.advanced.test.VoloTeaTest"/>
  <testcase name="startBrowser" time="9.675" classname="com.atm.modulefive.webdriver.advanced.test.VoloTeaTest"/>
</testsuite> <!-- com.atm.modulefive.webdriver.advanced.test.VoloTeaTest -->
