<?xml version="1.0" encoding="UTF-8"?>
<!-- Generated by org.testng.reporters.JUnitReportReporter -->
<testsuite skipped="0" hostname="EPBYMINW2898" name="com.atm.modulefive.webdriver.basics.runner.VoloTeaDemo" tests="6" failures="0" timestamp="14 Jun 2017 15:43:12 GMT" time="33.584" errors="0">
  <testcase name="FlightReturnInformation" time="0.057" classname="com.atm.modulefive.webdriver.basics.runner.VoloTeaDemo"/>
  <testcase name="VoloTeaSignIn" time="3.967" classname="com.atm.modulefive.webdriver.basics.runner.VoloTeaDemo"/>
  <testcase name="verifyTitle" time="0.011" classname="com.atm.modulefive.webdriver.basics.runner.VoloTeaDemo"/>
  <testcase name="SearchFlights" time="29.291" classname="com.atm.modulefive.webdriver.basics.runner.VoloTeaDemo"/>
  <testcase name="FlightInformation" time="0.195" classname="com.atm.modulefive.webdriver.basics.runner.VoloTeaDemo"/>
  <testcase name="FlightOriginInformation" time="0.063" classname="com.atm.modulefive.webdriver.basics.runner.VoloTeaDemo"/>
</testsuite> <!-- com.atm.modulefive.webdriver.basics.runner.VoloTeaDemo -->
