<?xml version="1.0" encoding="UTF-8"?>
<!-- Generated by org.testng.reporters.JUnitReportReporter -->
<testsuite skipped="0" hostname="EPINHYDW0086" name="com.atm.modulefive.webdriver.advanced.tests.VoloTeaTest" tests="2" failures="0" timestamp="15 Jun 2017 12:37:56 GMT" time="22.828" errors="0">
  <testcase name="EnterOriginReturnDetails" time="10.173" classname="com.atm.modulefive.webdriver.advanced.tests.VoloTeaTest"/>
  <testcase name="startBrowser" time="12.655" classname="com.atm.modulefive.webdriver.advanced.tests.VoloTeaTest"/>
</testsuite> <!-- com.atm.modulefive.webdriver.advanced.tests.VoloTeaTest -->
