<?xml version="1.0" encoding="UTF-8"?>
<!-- Generated by org.testng.reporters.JUnitReportReporter -->
<testsuite skipped="0" hostname="EPINHYDW0086" name="com.atm.modulefive.webdriver.basics.VoloTeaDemo" tests="3" failures="0" timestamp="31 May 2017 12:22:34 GMT" time="15.464" errors="0">
  <testcase name="VoloTeaSignIn" time="0.611" classname="com.atm.modulefive.webdriver.basics.VoloTeaDemo"/>
  <testcase name="FlightInformation" time="0.117" classname="com.atm.modulefive.webdriver.basics.VoloTeaDemo"/>
  <testcase name="SearchFlights" time="14.736" classname="com.atm.modulefive.webdriver.basics.VoloTeaDemo"/>
</testsuite> <!-- com.atm.modulefive.webdriver.basics.VoloTeaDemo -->
