<?xml version="1.0" encoding="UTF-8"?>
<!-- Generated by org.testng.reporters.JUnitReportReporter -->
<testsuite skipped="0" hostname="EPINHYDW0086" name="com.atm.modulefive.webdriver.advanced.tests.VoloTeaTestwithSingleton" tests="3" failures="0" timestamp="22 Jun 2017 08:04:28 GMT" time="44.763" errors="0">
  <testcase name="FlightInformation" time="10.422" classname="com.atm.modulefive.webdriver.advanced.tests.VoloTeaTestwithSingleton"/>
  <testcase name="LoginToVoloTea" time="16.984" classname="com.atm.modulefive.webdriver.advanced.tests.VoloTeaTestwithSingleton"/>
  <testcase name="SearchFlights" time="17.357" classname="com.atm.modulefive.webdriver.advanced.tests.VoloTeaTestwithSingleton"/>
</testsuite> <!-- com.atm.modulefive.webdriver.advanced.tests.VoloTeaTestwithSingleton -->
