<?xml version="1.0" encoding="UTF-8"?>
<!-- Generated by org.testng.reporters.JUnitReportReporter -->
<testsuite skipped="0" hostname="EPINHYDW0086" name="com.atm.modulefive.webdriver.advanced.test.VoloTeaTest2" tests="2" failures="0" timestamp="13 Jun 2017 10:58:50 GMT" time="29.483" errors="0">
  <testcase name="FlightInformation" time="0.090" classname="com.atm.modulefive.webdriver.advanced.test.VoloTeaTest2"/>
  <testcase name="SearchFlights" time="29.393" classname="com.atm.modulefive.webdriver.advanced.test.VoloTeaTest2"/>
</testsuite> <!-- com.atm.modulefive.webdriver.advanced.test.VoloTeaTest2 -->
