<?xml version="1.0" encoding="UTF-8"?>
<!-- Generated by org.testng.reporters.JUnitReportReporter -->
<testsuite skipped="0" hostname="EPBYMINW2898" name="com.atm.modulefive.webdriver.advanced.tests.VoloTeaLoginWithUsers" tests="1" failures="0" timestamp="19 Jun 2017 10:45:15 GMT" time="16.839" errors="0">
  <testcase name="LoginToVoloTea" time="16.839" classname="com.atm.modulefive.webdriver.advanced.tests.VoloTeaLoginWithUsers"/>
</testsuite> <!-- com.atm.modulefive.webdriver.advanced.tests.VoloTeaLoginWithUsers -->
